Mensaje I / 00:00:00:000 / Root(00) para top(01)
Mensaje I / 00:00:00:000 / top(01) para srq(02)
Mensaje I / 00:00:00:000 / top(01) para seq(03)
Mensaje I / 00:00:00:000 / top(01) para srp(04)
Mensaje D / 00:00:00:000 / srq(02) / ... para top(01)
Mensaje D / 00:00:00:000 / seq(03) / ... para top(01)
Mensaje D / 00:00:00:000 / srp(04) / ... para top(01)
Mensaje D / 00:00:00:000 / top(01) / ... para Root(00)
Mensaje X / 00:00:05:000 / Root(00) / in /      5.00000 para top(01)
Mensaje X / 00:00:05:000 / top(01) / in /      5.00000 para srq(02)
Mensaje D / 00:00:05:000 / srq(02) / 00:00:05:000 para top(01)
Mensaje D / 00:00:05:000 / top(01) / 00:00:05:000 para Root(00)
Mensaje X / 00:00:07:000 / Root(00) / sd_out /      5.00000 para top(01)
Mensaje D / 00:00:07:000 / top(01) / 00:00:03:000 para Root(00)
Mensaje X / 00:00:10:000 / Root(00) / in /      3.00000 para top(01)
Mensaje X / 00:00:10:000 / top(01) / in /      3.00000 para srq(02)
Mensaje D / 00:00:10:000 / srq(02) / 00:00:00:000 para top(01)
Mensaje D / 00:00:10:000 / top(01) / 00:00:00:000 para Root(00)
Mensaje * / 00:00:10:000 / Root(00) para top(01)
Mensaje * / 00:00:10:000 / top(01) para srq(02)
Mensaje Y / 00:00:10:000 / srq(02) / out /      5.00000 para top(01)
Mensaje D / 00:00:10:000 / srq(02) / ... para top(01)
Mensaje X / 00:00:10:000 / top(01) / srq_in /      5.00000 para srp(04)
Mensaje D / 00:00:10:000 / srp(04) / 00:00:05:000 para top(01)
Mensaje D / 00:00:10:000 / top(01) / 00:00:05:000 para Root(00)
Mensaje X / 00:00:15:000 / Root(00) / sa_in /      5.00000 para top(01)
Mensaje X / 00:00:15:000 / top(01) / in /      5.00000 para seq(03)
Mensaje D / 00:00:15:000 / seq(03) / 00:00:10:000 para top(01)
Mensaje D / 00:00:15:000 / top(01) / 00:00:00:000 para Root(00)
Mensaje * / 00:00:15:000 / Root(00) para top(01)
Mensaje * / 00:00:15:000 / top(01) para srp(04)
Mensaje Y / 00:00:15:000 / srp(04) / sd_out /      5.00000 para top(01)
Mensaje D / 00:00:15:000 / srp(04) / ... para top(01)
Mensaje X / 00:00:15:000 / top(01) / done /      5.00000 para srq(02)
Mensaje D / 00:00:15:000 / srq(02) / 00:00:05:000 para top(01)
Mensaje D / 00:00:15:000 / top(01) / 00:00:05:000 para Root(00)
Mensaje X / 00:00:19:000 / Root(00) / sd_out /      3.00000 para top(01)
Mensaje D / 00:00:19:000 / top(01) / 00:00:01:000 para Root(00)
Mensaje X / 00:00:20:000 / Root(00) / sa_in /      3.00000 para top(01)
Mensaje X / 00:00:20:000 / top(01) / in /      3.00000 para seq(03)
Mensaje D / 00:00:20:000 / seq(03) / 00:00:05:000 para top(01)
Mensaje D / 00:00:20:000 / top(01) / 00:00:00:000 para Root(00)
Mensaje * / 00:00:20:000 / Root(00) para top(01)
Mensaje * / 00:00:20:000 / top(01) para srq(02)
Mensaje Y / 00:00:20:000 / srq(02) / out /      3.00000 para top(01)
Mensaje D / 00:00:20:000 / srq(02) / ... para top(01)
Mensaje X / 00:00:20:000 / top(01) / srq_in /      3.00000 para srp(04)
Mensaje D / 00:00:20:000 / srp(04) / 00:00:05:000 para top(01)
Mensaje D / 00:00:20:000 / top(01) / 00:00:05:000 para Root(00)
Mensaje X / 00:00:25:000 / Root(00) / in /      6.00000 para top(01)
Mensaje X / 00:00:25:000 / top(01) / in /      6.00000 para srq(02)
Mensaje D / 00:00:25:000 / srq(02) / ... para top(01)
Mensaje D / 00:00:25:000 / top(01) / 00:00:00:000 para Root(00)
Mensaje X / 00:00:25:000 / Root(00) / sa_in /      6.00000 para top(01)
Mensaje X / 00:00:25:000 / top(01) / in /      6.00000 para seq(03)
Mensaje D / 00:00:25:000 / seq(03) / 00:00:00:000 para top(01)
Mensaje D / 00:00:25:000 / top(01) / 00:00:00:000 para Root(00)
Mensaje * / 00:00:25:000 / Root(00) para top(01)
Mensaje * / 00:00:25:000 / top(01) para seq(03)
Mensaje Y / 00:00:25:000 / seq(03) / out /      5.00000 para top(01)
Mensaje D / 00:00:25:000 / seq(03) / ... para top(01)
Mensaje X / 00:00:25:000 / top(01) / seq_in /      5.00000 para srp(04)
Mensaje D / 00:00:25:000 / srp(04) / 00:00:05:000 para top(01)
Mensaje D / 00:00:25:000 / top(01) / 00:00:05:000 para Root(00)
Mensaje * / 00:00:30:000 / Root(00) para top(01)
Mensaje * / 00:00:30:000 / top(01) para srp(04)
Mensaje Y / 00:00:30:000 / srp(04) / out /      5.00000 para top(01)
Mensaje D / 00:00:30:000 / srp(04) / ... para top(01)
Mensaje Y / 00:00:30:000 / top(01) / out /      5.00000 para Root(00)
Mensaje X / 00:00:30:000 / top(01) / done /      5.00000 para seq(03)
Mensaje D / 00:00:30:000 / seq(03) / 00:00:10:000 para top(01)
Mensaje D / 00:00:30:000 / top(01) / 00:00:10:000 para Root(00)
Mensaje * / 00:00:40:000 / Root(00) para top(01)
Mensaje * / 00:00:40:000 / top(01) para seq(03)
Mensaje Y / 00:00:40:000 / seq(03) / out /      3.00000 para top(01)
Mensaje D / 00:00:40:000 / seq(03) / ... para top(01)
Mensaje X / 00:00:40:000 / top(01) / seq_in /      3.00000 para srp(04)
Mensaje D / 00:00:40:000 / srp(04) / 00:00:05:000 para top(01)
Mensaje D / 00:00:40:000 / top(01) / 00:00:05:000 para Root(00)
Mensaje * / 00:00:45:000 / Root(00) para top(01)
Mensaje * / 00:00:45:000 / top(01) para srp(04)
Mensaje Y / 00:00:45:000 / srp(04) / out /      3.00000 para top(01)
Mensaje D / 00:00:45:000 / srp(04) / ... para top(01)
Mensaje Y / 00:00:45:000 / top(01) / out /      3.00000 para Root(00)
Mensaje X / 00:00:45:000 / top(01) / done /      3.00000 para seq(03)
Mensaje D / 00:00:45:000 / seq(03) / 00:00:10:000 para top(01)
Mensaje D / 00:00:45:000 / top(01) / 00:00:10:000 para Root(00)
Mensaje * / 00:00:55:000 / Root(00) para top(01)
Mensaje * / 00:00:55:000 / top(01) para seq(03)
Mensaje Y / 00:00:55:000 / seq(03) / out /      6.00000 para top(01)
Mensaje D / 00:00:55:000 / seq(03) / ... para top(01)
Mensaje X / 00:00:55:000 / top(01) / seq_in /      6.00000 para srp(04)
Mensaje D / 00:00:55:000 / srp(04) / 00:00:05:000 para top(01)
Mensaje D / 00:00:55:000 / top(01) / 00:00:05:000 para Root(00)
Mensaje * / 00:01:00:000 / Root(00) para top(01)
Mensaje * / 00:01:00:000 / top(01) para srp(04)
Mensaje Y / 00:01:00:000 / srp(04) / out /      6.00000 para top(01)
Mensaje D / 00:01:00:000 / srp(04) / ... para top(01)
Mensaje Y / 00:01:00:000 / top(01) / out /      6.00000 para Root(00)
Mensaje X / 00:01:00:000 / top(01) / done /      6.00000 para seq(03)
Mensaje D / 00:01:00:000 / seq(03) / ... para top(01)
Mensaje D / 00:01:00:000 / top(01) / ... para Root(00)
