Mensaje I / 00:00:00:000 / Root(00) para top(01)
Mensaje I / 00:00:00:000 / top(01) para siq(02)
Mensaje I / 00:00:00:000 / top(01) para sip(03)
Mensaje D / 00:00:00:000 / siq(02) / ... para top(01)
Mensaje D / 00:00:00:000 / sip(03) / ... para top(01)
Mensaje D / 00:00:00:000 / top(01) / ... para Root(00)
Mensaje X / 00:00:05:000 / Root(00) / in /      5.00000 para top(01)
Mensaje X / 00:00:05:000 / top(01) / in /      5.00000 para siq(02)
Mensaje D / 00:00:05:000 / siq(02) / 00:00:05:000 para top(01)
Mensaje D / 00:00:05:000 / top(01) / 00:00:05:000 para Root(00)
Mensaje X / 00:00:10:000 / Root(00) / in /      3.00000 para top(01)
Mensaje X / 00:00:10:000 / top(01) / in /      3.00000 para siq(02)
Mensaje D / 00:00:10:000 / siq(02) / 00:00:00:000 para top(01)
Mensaje D / 00:00:10:000 / top(01) / 00:00:00:000 para Root(00)
Mensaje * / 00:00:10:000 / Root(00) para top(01)
Mensaje * / 00:00:10:000 / top(01) para siq(02)
Mensaje Y / 00:00:10:000 / siq(02) / out /      5.00000 para top(01)
Mensaje D / 00:00:10:000 / siq(02) / ... para top(01)
Mensaje X / 00:00:10:000 / top(01) / in /      5.00000 para sip(03)
Mensaje D / 00:00:10:000 / sip(03) / 00:00:05:000 para top(01)
Mensaje D / 00:00:10:000 / top(01) / 00:00:05:000 para Root(00)
Mensaje X / 00:00:15:000 / Root(00) / done /      5.00000 para top(01)
Mensaje D / 00:00:15:000 / top(01) / 00:00:00:000 para Root(00)
Mensaje * / 00:00:15:000 / Root(00) para top(01)
Mensaje * / 00:00:15:000 / top(01) para sip(03)
Mensaje Y / 00:00:15:000 / sip(03) / out /      5.00000 para top(01)
Mensaje D / 00:00:15:000 / sip(03) / ... para top(01)
Mensaje Y / 00:00:15:000 / top(01) / out /      5.00000 para Root(00)
Mensaje X / 00:00:15:000 / top(01) / done /      5.00000 para siq(02)
Mensaje D / 00:00:15:000 / siq(02) / 00:00:05:000 para top(01)
Mensaje D / 00:00:15:000 / top(01) / 00:00:05:000 para Root(00)
Mensaje X / 00:00:20:000 / Root(00) / done /      3.00000 para top(01)
Mensaje D / 00:00:20:000 / top(01) / 00:00:00:000 para Root(00)
Mensaje * / 00:00:20:000 / Root(00) para top(01)
Mensaje * / 00:00:20:000 / top(01) para siq(02)
Mensaje Y / 00:00:20:000 / siq(02) / out /      3.00000 para top(01)
Mensaje D / 00:00:20:000 / siq(02) / ... para top(01)
Mensaje X / 00:00:20:000 / top(01) / in /      3.00000 para sip(03)
Mensaje D / 00:00:20:000 / sip(03) / 00:00:05:000 para top(01)
Mensaje D / 00:00:20:000 / top(01) / 00:00:05:000 para Root(00)
Mensaje X / 00:00:25:000 / Root(00) / in /      6.00000 para top(01)
Mensaje X / 00:00:25:000 / top(01) / in /      6.00000 para siq(02)
Mensaje D / 00:00:25:000 / siq(02) / ... para top(01)
Mensaje D / 00:00:25:000 / top(01) / 00:00:00:000 para Root(00)
Mensaje * / 00:00:25:000 / Root(00) para top(01)
Mensaje * / 00:00:25:000 / top(01) para sip(03)
Mensaje Y / 00:00:25:000 / sip(03) / out /      3.00000 para top(01)
Mensaje D / 00:00:25:000 / sip(03) / ... para top(01)
Mensaje Y / 00:00:25:000 / top(01) / out /      3.00000 para Root(00)
Mensaje X / 00:00:25:000 / top(01) / done /      3.00000 para siq(02)
Mensaje D / 00:00:25:000 / siq(02) / 00:00:05:000 para top(01)
Mensaje D / 00:00:25:000 / top(01) / 00:00:05:000 para Root(00)
Mensaje * / 00:00:30:000 / Root(00) para top(01)
Mensaje * / 00:00:30:000 / top(01) para siq(02)
Mensaje Y / 00:00:30:000 / siq(02) / out /      6.00000 para top(01)
Mensaje D / 00:00:30:000 / siq(02) / ... para top(01)
Mensaje X / 00:00:30:000 / top(01) / in /      6.00000 para sip(03)
Mensaje D / 00:00:30:000 / sip(03) / 00:00:05:000 para top(01)
Mensaje D / 00:00:30:000 / top(01) / 00:00:05:000 para Root(00)
Mensaje * / 00:00:35:000 / Root(00) para top(01)
Mensaje * / 00:00:35:000 / top(01) para sip(03)
Mensaje Y / 00:00:35:000 / sip(03) / out /      6.00000 para top(01)
Mensaje D / 00:00:35:000 / sip(03) / ... para top(01)
Mensaje Y / 00:00:35:000 / top(01) / out /      6.00000 para Root(00)
Mensaje X / 00:00:35:000 / top(01) / done /      6.00000 para siq(02)
Mensaje D / 00:00:35:000 / siq(02) / ... para top(01)
Mensaje D / 00:00:35:000 / top(01) / ... para Root(00)
